# JRE version: Java(TM) SE Runtime Environment (8.0_91-b15) (build 1.8.0_91-b15)
# Java VM: Java HotSpot(TM) 64-Bit Server VM (25.91-b15 mixed mode windows-amd64 compressed oops)
Heap:
 PSYoungGen      total 185344K, used 118944K [0x00000000e0700000, 0x00000000edf00000, 0x0000000100000000)
  eden space 168960K, 60% used [0x00000000e0700000,0x00000000e6b2b1a8,0x00000000eac00000)
  from space 16384K, 99% used [0x00000000ebf00000,0x00000000ecefd070,0x00000000ecf00000)
  to   space 12288K, 0% used [0x00000000ed300000,0x00000000ed300000,0x00000000edf00000)
 ParOldGen       total 53248K, used 27476K [0x00000000a1400000, 0x00000000a4800000, 0x00000000e0700000)
  object space 53248K, 51% used [0x00000000a1400000,0x00000000a2ed5360,0x00000000a4800000)
 Metaspace       used 26761K, capacity 27280K, committed 27392K, reserved 1073152K
  class space    used 3374K, capacity 3578K, committed 3584K, reserved 1048576K
GC Heap History (10 events):
Event: 5.933 GC heap before
{Heap before GC invocations=4 (full 0):
 PSYoungGen      total 53248K, used 53216K [0x00000000e0700000, 0x00000000e6f00000, 0x0000000100000000)
  eden space 49152K, 100% used [0x00000000e0700000,0x00000000e3700000,0x00000000e3700000)
  from space 4096K, 99% used [0x00000000e3700000,0x00000000e3af8020,0x00000000e3b00000)
  to   space 4096K, 0% used [0x00000000e6b00000,0x00000000e6b00000,0x00000000e6f00000)
 ParOldGen       total 65536K, used 5867K [0x00000000a1400000, 0x00000000a5400000, 0x00000000e0700000)
  object space 65536K, 8% used [0x00000000a1400000,0x00000000a19baec0,0x00000000a5400000)
 Metaspace       used 15673K, capacity 16020K, committed 16128K, reserved 1062912K
  class space    used 1904K, capacity 2018K, committed 2048K, reserved 1048576K
Event: 5.959 GC heap after
Heap after GC invocations=4 (full 0):
 PSYoungGen      total 102400K, used 4096K [0x00000000e0700000, 0x00000000e6f00000, 0x0000000100000000)
  eden space 98304K, 0% used [0x00000000e0700000,0x00000000e0700000,0x00000000e6700000)
  from space 4096K, 100% used [0x00000000e6b00000,0x00000000e6f00000,0x00000000e6f00000)
  to   space 4096K, 0% used [0x00000000e6700000,0x00000000e6700000,0x00000000e6b00000)
 ParOldGen       total 65536K, used 8598K [0x00000000a1400000, 0x00000000a5400000, 0x00000000e0700000)
  object space 65536K, 13% used [0x00000000a1400000,0x00000000a1c65bb8,0x00000000a5400000)
 Metaspace       used 15673K, capacity 16020K, committed 16128K, reserved 1062912K
  class space    used 1904K, capacity 2018K, committed 2048K, reserved 1048576K
}
Event: 9.995 GC heap before
{Heap before GC invocations=5 (full 0):
 PSYoungGen      total 102400K, used 80156K [0x00000000e0700000, 0x00000000e6f00000, 0x0000000100000000)
  eden space 98304K, 77% used [0x00000000e0700000,0x00000000e51473f8,0x00000000e6700000)
  from space 4096K, 100% used [0x00000000e6b00000,0x00000000e6f00000,0x00000000e6f00000)
  to   space 4096K, 0% used [0x00000000e6700000,0x00000000e6700000,0x00000000e6b00000)
 ParOldGen       total 65536K, used 8598K [0x00000000a1400000, 0x00000000a5400000, 0x00000000e0700000)
  object space 65536K, 13% used [0x00000000a1400000,0x00000000a1c65bb8,0x00000000a5400000)
 Metaspace       used 20689K, capacity 21082K, committed 21296K, reserved 1069056K
  class space    used 2464K, capacity 2621K, committed 2688K, reserved 1048576K
Event: 10.007 GC heap after
Heap after GC invocations=5 (full 0):
 PSYoungGen      total 102400K, used 4080K [0x00000000e0700000, 0x00000000edf00000, 0x0000000100000000)
  eden space 98304K, 0% used [0x00000000e0700000,0x00000000e0700000,0x00000000e6700000)
  from space 4096K, 99% used [0x00000000e6700000,0x00000000e6afc010,0x00000000e6b00000)
  to   space 12288K, 0% used [0x00000000ed300000,0x00000000ed300000,0x00000000edf00000)
 ParOldGen       total 65536K, used 15472K [0x00000000a1400000, 0x00000000a5400000, 0x00000000e0700000)
  object space 65536K, 23% used [0x00000000a1400000,0x00000000a231c088,0x00000000a5400000)
 Metaspace       used 20689K, capacity 21082K, committed 21296K, reserved 1069056K
  class space    used 2464K, capacity 2621K, committed 2688K, reserved 1048576K
}
Event: 10.007 GC heap before
{Heap before GC invocations=6 (full 1):
 PSYoungGen      total 102400K, used 4080K [0x00000000e0700000, 0x00000000edf00000, 0x0000000100000000)
  eden space 98304K, 0% used [0x00000000e0700000,0x00000000e0700000,0x00000000e6700000)
  from space 4096K, 99% used [0x00000000e6700000,0x00000000e6afc010,0x00000000e6b00000)
  to   space 12288K, 0% used [0x00000000ed300000,0x00000000ed300000,0x00000000edf00000)
 ParOldGen       total 65536K, used 15472K [0x00000000a1400000, 0x00000000a5400000, 0x00000000e0700000)
  object space 65536K, 23% used [0x00000000a1400000,0x00000000a231c088,0x00000000a5400000)
 Metaspace       used 20689K, capacity 21082K, committed 21296K, reserved 1069056K
  class space    used 2464K, capacity 2621K, committed 2688K, reserved 1048576K
Event: 10.089 GC heap after
Heap after GC invocations=6 (full 1):
 PSYoungGen      total 102400K, used 0K [0x00000000e0700000, 0x00000000edf00000, 0x0000000100000000)
  eden space 98304K, 0% used [0x00000000e0700000,0x00000000e0700000,0x00000000e6700000)
  from space 4096K, 0% used [0x00000000e6700000,0x00000000e6700000,0x00000000e6b00000)
  to   space 12288K, 0% used [0x00000000ed300000,0x00000000ed300000,0x00000000edf00000)
 ParOldGen       total 53248K, used 13855K [0x00000000a1400000, 0x00000000a4800000, 0x00000000e0700000)
  object space 53248K, 26% used [0x00000000a1400000,0x00000000a2187d20,0x00000000a4800000)
 Metaspace       used 20689K, capacity 21082K, committed 21296K, reserved 1069056K
  class space    used 2464K, capacity 2621K, committed 2688K, reserved 1048576K
}
Event: 11.472 GC heap before
{Heap before GC invocations=7 (full 1):
 PSYoungGen      total 102400K, used 98304K [0x00000000e0700000, 0x00000000edf00000, 0x0000000100000000)
  eden space 98304K, 100% used [0x00000000e0700000,0x00000000e6700000,0x00000000e6700000)
  from space 4096K, 0% used [0x00000000e6700000,0x00000000e6700000,0x00000000e6b00000)
  to   space 12288K, 0% used [0x00000000ed300000,0x00000000ed300000,0x00000000edf00000)
 ParOldGen       total 53248K, used 13855K [0x00000000a1400000, 0x00000000a4800000, 0x00000000e0700000)
  object space 53248K, 26% used [0x00000000a1400000,0x00000000a2187d20,0x00000000a4800000)
 Metaspace       used 23228K, capacity 23696K, committed 23936K, reserved 1071104K
  class space    used 2747K, capacity 2938K, committed 2944K, reserved 1048576K
Event: 11.489 GC heap after
Heap after GC invocations=7 (full 1):
 PSYoungGen      total 181248K, used 12286K [0x00000000e0700000, 0x00000000edf00000, 0x0000000100000000)
  eden space 168960K, 0% used [0x00000000e0700000,0x00000000e0700000,0x00000000eac00000)
  from space 12288K, 99% used [0x00000000ed300000,0x00000000edeff8e8,0x00000000edf00000)
  to   space 16384K, 0% used [0x00000000ebf00000,0x00000000ebf00000,0x00000000ecf00000)
 ParOldGen       total 53248K, used 17130K [0x00000000a1400000, 0x00000000a4800000, 0x00000000e0700000)
  object space 53248K, 32% used [0x00000000a1400000,0x00000000a24ba908,0x00000000a4800000)
 Metaspace       used 23228K, capacity 23696K, committed 23936K, reserved 1071104K
  class space    used 2747K, capacity 2938K, committed 2944K, reserved 1048576K
}
Event: 13.182 GC heap before
{Heap before GC invocations=8 (full 1):
 PSYoungGen      total 181248K, used 181246K [0x00000000e0700000, 0x00000000edf00000, 0x0000000100000000)
  eden space 168960K, 100% used [0x00000000e0700000,0x00000000eac00000,0x00000000eac00000)
  from space 12288K, 99% used [0x00000000ed300000,0x00000000edeff8e8,0x00000000edf00000)
  to   space 16384K, 0% used [0x00000000ebf00000,0x00000000ebf00000,0x00000000ecf00000)
 ParOldGen       total 53248K, used 17130K [0x00000000a1400000, 0x00000000a4800000, 0x00000000e0700000)
  object space 53248K, 32% used [0x00000000a1400000,0x00000000a24ba908,0x00000000a4800000)
 Metaspace       used 26476K, capacity 26896K, committed 27136K, reserved 1073152K
  class space    used 3330K, capacity 3514K, committed 3584K, reserved 1048576K
Event: 13.252 GC heap after
Heap after GC invocations=8 (full 1):
 PSYoungGen      total 185344K, used 16372K [0x00000000e0700000, 0x00000000edf00000, 0x0000000100000000)
  eden space 168960K, 0% used [0x00000000e0700000,0x00000000e0700000,0x00000000eac00000)
  from space 16384K, 99% used [0x00000000ebf00000,0x00000000ecefd070,0x00000000ecf00000)
  to   space 12288K, 0% used [0x00000000ed300000,0x00000000ed300000,0x00000000edf00000)
 ParOldGen       total 53248K, used 27476K [0x00000000a1400000, 0x00000000a4800000, 0x00000000e0700000)
  object space 53248K, 51% used [0x00000000a1400000,0x00000000a2ed5360,0x00000000a4800000)
 Metaspace       used 26476K, capacity 26896K, committed 27136K, reserved 1073152K
  class space    used 3330K, capacity 3514K, committed 3584K, reserved 1048576K
}

